<?xml version="1.0" encoding="UTF-8"?>
<!-- Generated by org.testng.reporters.JUnitXMLReporter -->
<testsuite ignored="0" hostname="Akash" failures="2" tests="5" name="MyTestforInteractivebroker" time="122.317" errors="0" timestamp="2025-03-02T13:53:21 EST">
  <testcase classname="com.interactivebrokers.qa.testcases.LoginPageTest" name="loginTest" time="0.249"/>
  <testcase classname="com.interactivebrokers.qa.testcases.LoginPageTest" name="verifyIBKRlogo" time="5.318"/>
  <testcase classname="com.interactivebrokers.qa.testcases.CitibanksearchonPortfolioPageTest" name="citibankserchTest" time="50.552"/>
  <testcase classname="com.interactivebrokers.qa.testcases.AddaccountTest" name="createBrokerageaccountTest" time="47.847">
    <failure type="org.openqa.selenium.ElementNotInteractableException" message="element not interactable
  (Session info: chrome=133.0.6943.142)
Build info: version: &amp;apos;4.29.0&amp;apos;, revision: &amp;apos;5fc1ec94cb&amp;apos;
System info: os.name: &amp;apos;Windows 11&amp;apos;, os.arch: &amp;apos;amd64&amp;apos;, os.version: &amp;apos;10.0&amp;apos;, java.version: &amp;apos;23&amp;apos;
Driver info: org.openqa.selenium.chrome.ChromeDriver
Command: [bb18b41e06780e413cc063b3f3b1dba0, clickElement {id=f.8C1C6DC12B94FF865BB03125E4C548F9.d.E8F9C3A9F021440486065965B98B7C53.e.142}]
Capabilities {acceptInsecureCerts: false, browserName: chrome, browserVersion: 133.0.6943.142, chrome: {chromedriverVersion: 133.0.6943.141 (2a5d6da0d61..., userDataDir: C:\Users\moham\AppData\Loca...}, fedcm:accounts: true, goog:chromeOptions: {debuggerAddress: localhost:52942}, networkConnectionEnabled: false, pageLoadStrategy: normal, platformName: windows, proxy: Proxy(), se:cdp: ws://localhost:52942/devtoo..., se:cdpVersion: 133.0.6943.142, setWindowRect: true, strictFileInteractability: false, timeouts: {implicit: 0, pageLoad: 300000, script: 30000}, unhandledPromptBehavior: dismiss and notify, webauthn:extension:credBlob: true, webauthn:extension:largeBlob: true, webauthn:extension:minPinLength: true, webauthn:extension:prf: true, webauthn:virtualAuthenticators: true}
Element: [[ChromeDriver: chrome on windows (bb18b41e06780e413cc063b3f3b1dba0)] -&amp;gt; xpath: //a[@role=&amp;apos;button&amp;apos; and contains(@class, &amp;apos;btn-primary&amp;apos;) and contains(@ng-click, &amp;apos;onClick()&amp;apos;)]]
Session ID: bb18b41e06780e413cc063b3f3b1dba0">
      <![CDATA[org.openqa.selenium.ElementNotInteractableException: element not interactable
  (Session info: chrome=133.0.6943.142)
Build info: version: '4.29.0', revision: '5fc1ec94cb'
System info: os.name: 'Windows 11', os.arch: 'amd64', os.version: '10.0', java.version: '23'
Driver info: org.openqa.selenium.chrome.ChromeDriver
Command: [bb18b41e06780e413cc063b3f3b1dba0, clickElement {id=f.8C1C6DC12B94FF865BB03125E4C548F9.d.E8F9C3A9F021440486065965B98B7C53.e.142}]
Capabilities {acceptInsecureCerts: false, browserName: chrome, browserVersion: 133.0.6943.142, chrome: {chromedriverVersion: 133.0.6943.141 (2a5d6da0d61..., userDataDir: C:\Users\moham\AppData\Loca...}, fedcm:accounts: true, goog:chromeOptions: {debuggerAddress: localhost:52942}, networkConnectionEnabled: false, pageLoadStrategy: normal, platformName: windows, proxy: Proxy(), se:cdp: ws://localhost:52942/devtoo..., se:cdpVersion: 133.0.6943.142, setWindowRect: true, strictFileInteractability: false, timeouts: {implicit: 0, pageLoad: 300000, script: 30000}, unhandledPromptBehavior: dismiss and notify, webauthn:extension:credBlob: true, webauthn:extension:largeBlob: true, webauthn:extension:minPinLength: true, webauthn:extension:prf: true, webauthn:virtualAuthenticators: true}
Element: [[ChromeDriver: chrome on windows (bb18b41e06780e413cc063b3f3b1dba0)] -> xpath: //a[@role='button' and contains(@class, 'btn-primary') and contains(@ng-click, 'onClick()')]]
Session ID: bb18b41e06780e413cc063b3f3b1dba0
at org.openqa.selenium.remote.ErrorCodec.decode(ErrorCodec.java:167)
at org.openqa.selenium.remote.codec.w3c.W3CHttpResponseCodec.decode(W3CHttpResponseCodec.java:138)
at org.openqa.selenium.remote.codec.w3c.W3CHttpResponseCodec.decode(W3CHttpResponseCodec.java:50)
at org.openqa.selenium.remote.HttpCommandExecutor.execute(HttpCommandExecutor.java:215)
at org.openqa.selenium.remote.service.DriverCommandExecutor.invokeExecute(DriverCommandExecutor.java:216)
at org.openqa.selenium.remote.service.DriverCommandExecutor.execute(DriverCommandExecutor.java:174)
at org.openqa.selenium.remote.RemoteWebDriver.execute(RemoteWebDriver.java:545)
at org.openqa.selenium.remote.RemoteWebElement.execute(RemoteWebElement.java:223)
at org.openqa.selenium.remote.RemoteWebElement.click(RemoteWebElement.java:76)
at com.interactivebrokers.qa.pages.Addofflinetransactionpage.clickcontinuebtn(Addofflinetransactionpage.java:41)
at com.interactivebrokers.qa.testcases.AddaccountTest.createBrokerageaccountTest(AddaccountTest.java:63)
at java.base/java.util.ArrayList.forEach(ArrayList.java:1597)
... Removed 28 stack frames]]>
    </failure>
  </testcase> <!-- createBrokerageaccountTest -->
  <testcase classname="com.interactivebrokers.qa.testcases.AddaccountTest" name="ValidateHeaderTextonaccountpageText" time="6.826">
    <failure type="java.lang.AssertionError" message="Page title does not match! expected [Add Account] but found [PortfolioAnalyst]">
      <![CDATA[java.lang.AssertionError: Page title does not match! expected [Add Account] but found [PortfolioAnalyst]
at com.interactivebrokers.qa.testcases.AddaccountTest.ValidateHeaderTextonaccountpageText(AddaccountTest.java:80)
at java.base/java.util.ArrayList.forEach(ArrayList.java:1597)
... Removed 30 stack frames]]>
    </failure>
  </testcase> <!-- ValidateHeaderTextonaccountpageText -->
</testsuite> <!-- MyTestforInteractivebroker -->
